Progress: resolved 1, reused 0, downloaded 0, added 0
Packages: +5
+++++
Progress: resolved 31, reused 5, downloaded 0, added 5, done
bigint: Failed to load bindings, pure JS will be used (try npm run rebuild?)
(node:187962) [DEP0040] DeprecationWarning: The `punycode` module is deprecated. Please use a userland alternative instead.
(Use `node --trace-deprecation ...` to show where the warning was created)
/home/mathys/Documents/nomu/init_pool-nomu_sell-service/meteora-setup/meteora-pool-setup/src/libs/utils.ts:434
		args: Bun.argv,
		      ^


ReferenceError: Bun is not defined
    at parseCliArguments (/home/mathys/Documents/nomu/init_pool-nomu_sell-service/meteora-setup/meteora-pool-setup/src/libs/utils.ts:434:9)
    at parseConfigFromCli (/home/mathys/Documents/nomu/init_pool-nomu_sell-service/meteora-setup/meteora-pool-setup/src/libs/config.ts:569:23)
    at main (/home/mathys/Documents/nomu/init_pool-nomu_sell-service/meteora-setup/meteora-pool-setup/src/create_pool.ts:18:30)
    at <anonymous> (/home/mathys/Documents/nomu/init_pool-nomu_sell-service/meteora-setup/meteora-pool-setup/src/create_pool.ts:85:1)
    at Object.<anonymous> (/home/mathys/Documents/nomu/init_pool-nomu_sell-service/meteora-setup/meteora-pool-setup/src/create_pool.ts:85:6)
    at Module._compile (node:internal/modules/cjs/loader:1546:14)
    at Object.transformer (/home/mathys/.cache/pnpm/dlx/62dc23c5b6659e1fe4412928a32d9aeaff96b736ab2a6cf6271f2767996159ba/1989617a4ca-2de14/node_modules/.pnpm/tsx@4.20.3/node_modules/tsx/dist/register-D46fvsV_.cjs:3:1104)
    at Module.load (node:internal/modules/cjs/loader:1303:32)
    at Function._load (node:internal/modules/cjs/loader:1117:12)
    at TracingChannel.traceSync (node:diagnostics_channel:322:14)

Node.js v23.3.0
